<?xml version="1.0" encoding="UTF-8"?>
<testng-results skipped="0" failed="0" ignored="0" total="1" passed="1">
  <reporter-output>
  </reporter-output>
  <suite name="Default suite" duration-ms="988" started-at="2019-02-06T13:45:46Z" finished-at="2019-02-06T13:45:47Z">
    <groups>
    </groups>
    <test name="Default test" duration-ms="988" started-at="2019-02-06T13:45:46Z" finished-at="2019-02-06T13:45:47Z">
      <class name="core.ApiTest">
        <test-method status="PASS" signature="returnapi()[pri:0, instance:core.ApiTest@39c0f4a]" name="returnapi" duration-ms="961" started-at="2019-02-06T19:15:46Z" finished-at="2019-02-06T19:15:47Z">
          <reporter-output>
          </reporter-output>
        </test-method> <!-- returnapi -->
      </class> <!-- core.ApiTest -->
    </test> <!-- Default test -->
  </suite> <!-- Default suite -->
</testng-results>
